TpTrace Verbose: 0 : 14472, 1, 2022/08/21, 19:13:00.910, 71876388768, vstest.console.dll, Version: 17.1.0-release-20220113-05
TpTrace Information: 0 : 14472, 1, 2022/08/21, 19:13:00.926, 71876530471, vstest.console.dll, FilePatternParser: The given file D:\DotNet\Practice\SupplierMicroservice\SupplierMicroserviceTest\bin\Debug\net6.0\fine-code-coverage\build-output\SupplierMicroserviceTest.dll is a full path.
TpTrace Verbose: 0 : 14472, 1, 2022/08/21, 19:13:00.934, 71876611669, vstest.console.dll, TestPluginCache.DiscoverTestExtensions: finding test extensions in assemblies ends with: RuntimeProvider.dll TPluginInfo: Microsoft.VisualStudio.TestPlatform.Common.ExtensionFramework.Utilities.TestRuntimePluginInformation TExtension: Microsoft.VisualStudio.TestPlatform.ObjectModel.Host.ITestRuntimeProvider
TpTrace Verbose: 0 : 14472, 1, 2022/08/21, 19:13:00.935, 71876617732, vstest.console.dll, TestPluginCache.GetExtensionPaths: Filtered extension paths: 
TpTrace Verbose: 0 : 14472, 1, 2022/08/21, 19:13:00.935, 71876619478, vstest.console.dll, TestPluginCache.GetExtensionPaths: Added default extension paths: C:\Program Files\dotnet\sdk\6.0.202\Extensions\DumpMinitool.exe
C:\Program Files\dotnet\sdk\6.0.202\Extensions\DumpMinitool.x86.exe
C:\Program Files\dotnet\sdk\6.0.202\Extensions\Microsoft.Diagnostics.NETCore.Client.dll
C:\Program Files\dotnet\sdk\6.0.202\Extensions\Microsoft.TestPlatform.Extensions.BlameDataCollector.dll
C:\Program Files\dotnet\sdk\6.0.202\Extensions\Microsoft.TestPlatform.Extensions.EventLogCollector.dll
C:\Program Files\dotnet\sdk\6.0.202\Extensions\Microsoft.TestPlatform.TestHostRuntimeProvider.dll
C:\Program Files\dotnet\sdk\6.0.202\Extensions\Microsoft.VisualStudio.TestPlatform.Extensions.Html.TestLogger.dll
C:\Program Files\dotnet\sdk\6.0.202\Extensions\Microsoft.VisualStudio.TestPlatform.Extensions.Trx.TestLogger.dll
TpTrace Verbose: 0 : 14472, 1, 2022/08/21, 19:13:00.935, 71876620189, vstest.console.dll, TestPluginCache.GetExtensionPaths: Added unfilterableExtensionPaths: 
TpTrace Information: 0 : 14472, 1, 2022/08/21, 19:13:00.937, 71876635508, vstest.console.dll, AssemblyResolver.ctor: Creating AssemblyResolver with searchDirectories C:\Program Files\dotnet\sdk\6.0.202\Extensions,C:\Program Files\dotnet\sdk\6.0.202
TpTrace Verbose: 0 : 14472, 1, 2022/08/21, 19:13:00.938, 71876647772, vstest.console.dll, TestPluginCache.DiscoverTestExtensions: Discovering the extensions using extension path.
TpTrace Verbose: 0 : 14472, 1, 2022/08/21, 19:13:00.938, 71876650025, vstest.console.dll, TestPluginCache.GetExtensionPaths: Filtered extension paths: 
TpTrace Verbose: 0 : 14472, 1, 2022/08/21, 19:13:00.938, 71876650956, vstest.console.dll, TestPluginCache.GetExtensionPaths: Added default extension paths: C:\Program Files\dotnet\sdk\6.0.202\Extensions\DumpMinitool.exe
C:\Program Files\dotnet\sdk\6.0.202\Extensions\DumpMinitool.x86.exe
C:\Program Files\dotnet\sdk\6.0.202\Extensions\Microsoft.Diagnostics.NETCore.Client.dll
C:\Program Files\dotnet\sdk\6.0.202\Extensions\Microsoft.TestPlatform.Extensions.BlameDataCollector.dll
C:\Program Files\dotnet\sdk\6.0.202\Extensions\Microsoft.TestPlatform.Extensions.EventLogCollector.dll
C:\Program Files\dotnet\sdk\6.0.202\Extensions\Microsoft.TestPlatform.TestHostRuntimeProvider.dll
C:\Program Files\dotnet\sdk\6.0.202\Extensions\Microsoft.VisualStudio.TestPlatform.Extensions.Html.TestLogger.dll
C:\Program Files\dotnet\sdk\6.0.202\Extensions\Microsoft.VisualStudio.TestPlatform.Extensions.Trx.TestLogger.dll
TpTrace Verbose: 0 : 14472, 1, 2022/08/21, 19:13:00.938, 71876651679, vstest.console.dll, TestPluginCache.GetExtensionPaths: Added unfilterableExtensionPaths: 
TpTrace Verbose: 0 : 14472, 1, 2022/08/21, 19:13:00.939, 71876653092, vstest.console.dll, TestPluginCache.DiscoverTestExtensions: Discovering the extensions using allExtensionPaths: C:\Program Files\dotnet\sdk\6.0.202\Extensions\DumpMinitool.exe
C:\Program Files\dotnet\sdk\6.0.202\Extensions\DumpMinitool.x86.exe
C:\Program Files\dotnet\sdk\6.0.202\Extensions\Microsoft.Diagnostics.NETCore.Client.dll
C:\Program Files\dotnet\sdk\6.0.202\Extensions\Microsoft.TestPlatform.Extensions.BlameDataCollector.dll
C:\Program Files\dotnet\sdk\6.0.202\Extensions\Microsoft.TestPlatform.Extensions.EventLogCollector.dll
C:\Program Files\dotnet\sdk\6.0.202\Extensions\Microsoft.TestPlatform.TestHostRuntimeProvider.dll
C:\Program Files\dotnet\sdk\6.0.202\Extensions\Microsoft.VisualStudio.TestPlatform.Extensions.Html.TestLogger.dll
C:\Program Files\dotnet\sdk\6.0.202\Extensions\Microsoft.VisualStudio.TestPlatform.Extensions.Trx.TestLogger.dll
TpTrace Information: 0 : 14472, 1, 2022/08/21, 19:13:00.939, 71876655423, vstest.console.dll, AssemblyResolver.AddSearchDirectories: Adding more searchDirectories C:\Program Files\dotnet\sdk\6.0.202\Extensions,C:\Program Files\dotnet\sdk\6.0.202
TpTrace Information: 0 : 14472, 1, 2022/08/21, 19:13:00.939, 71876656158, vstest.console.dll, AssemblyResolver.AddSearchDirectories: Adding more searchDirectories C:\Program Files\dotnet\sdk\6.0.202\Extensions,C:\Program Files\dotnet\sdk\6.0.202
TpTrace Information: 0 : 14472, 1, 2022/08/21, 19:13:00.939, 71876656536, vstest.console.dll, AssemblyResolver.AddSearchDirectories: Adding more searchDirectories C:\Program Files\dotnet\sdk\6.0.202\Extensions,C:\Program Files\dotnet\sdk\6.0.202
TpTrace Information: 0 : 14472, 1, 2022/08/21, 19:13:00.939, 71876656861, vstest.console.dll, AssemblyResolver.AddSearchDirectories: Adding more searchDirectories C:\Program Files\dotnet\sdk\6.0.202\Extensions,C:\Program Files\dotnet\sdk\6.0.202
TpTrace Information: 0 : 14472, 1, 2022/08/21, 19:13:00.939, 71876657230, vstest.console.dll, AssemblyResolver.AddSearchDirectories: Adding more searchDirectories C:\Program Files\dotnet\sdk\6.0.202\Extensions,C:\Program Files\dotnet\sdk\6.0.202
TpTrace Information: 0 : 14472, 1, 2022/08/21, 19:13:00.939, 71876657552, vstest.console.dll, AssemblyResolver.AddSearchDirectories: Adding more searchDirectories C:\Program Files\dotnet\sdk\6.0.202\Extensions,C:\Program Files\dotnet\sdk\6.0.202
TpTrace Information: 0 : 14472, 1, 2022/08/21, 19:13:00.939, 71876657860, vstest.console.dll, AssemblyResolver.AddSearchDirectories: Adding more searchDirectories C:\Program Files\dotnet\sdk\6.0.202\Extensions,C:\Program Files\dotnet\sdk\6.0.202
TpTrace Information: 0 : 14472, 1, 2022/08/21, 19:13:00.939, 71876658167, vstest.console.dll, AssemblyResolver.AddSearchDirectories: Adding more searchDirectories C:\Program Files\dotnet\sdk\6.0.202\Extensions,C:\Program Files\dotnet\sdk\6.0.202
TpTrace Information: 0 : 14472, 1, 2022/08/21, 19:13:00.940, 71876662034, vstest.console.dll, AssemblyResolver.OnResolve: DumpMinitool: Resolving assembly.
TpTrace Information: 0 : 14472, 1, 2022/08/21, 19:13:00.940, 71876662757, vstest.console.dll, AssemblyResolver.OnResolve: DumpMinitool: Searching in: 'C:\Program Files\dotnet\sdk\6.0.202\Extensions'.
TpTrace Information: 0 : 14472, 1, 2022/08/21, 19:13:00.940, 71876664066, vstest.console.dll, AssemblyResolver.OnResolve: DumpMinitool: Assembly path does not exist: 'C:\Program Files\dotnet\sdk\6.0.202\Extensions\DumpMinitool.dll', returning.
TpTrace Information: 0 : 14472, 1, 2022/08/21, 19:13:00.940, 71876670857, vstest.console.dll, AssemblyResolver.OnResolve: DumpMinitool: Loading assembly 'C:\Program Files\dotnet\sdk\6.0.202\Extensions\DumpMinitool.exe'.
TpTrace Information: 0 : 14472, 1, 2022/08/21, 19:13:00.941, 71876679057, vstest.console.dll, AssemblyResolver.OnResolve: Resolved assembly: DumpMinitool, from path: C:\Program Files\dotnet\sdk\6.0.202\Extensions\DumpMinitool.exe
TpTrace Information: 0 : 14472, 1, 2022/08/21, 19:13:00.948, 71876747340, vstest.console.dll, AssemblyResolver.OnResolve: DumpMinitool.x86: Resolving assembly.
TpTrace Information: 0 : 14472, 1, 2022/08/21, 19:13:00.948, 71876748645, vstest.console.dll, AssemblyResolver.OnResolve: DumpMinitool.x86: Searching in: 'C:\Program Files\dotnet\sdk\6.0.202\Extensions'.
TpTrace Information: 0 : 14472, 1, 2022/08/21, 19:13:00.948, 71876750289, vstest.console.dll, AssemblyResolver.OnResolve: DumpMinitool.x86: Assembly path does not exist: 'C:\Program Files\dotnet\sdk\6.0.202\Extensions\DumpMinitool.x86.dll', returning.
TpTrace Information: 0 : 14472, 1, 2022/08/21, 19:13:00.949, 71876758231, vstest.console.dll, AssemblyResolver.OnResolve: DumpMinitool.x86: Loading assembly 'C:\Program Files\dotnet\sdk\6.0.202\Extensions\DumpMinitool.x86.exe'.
TpTrace Information: 0 : 14472, 1, 2022/08/21, 19:13:00.950, 71876767745, vstest.console.dll, AssemblyResolver.OnResolve: Resolved assembly: DumpMinitool.x86, from path: C:\Program Files\dotnet\sdk\6.0.202\Extensions\DumpMinitool.x86.exe
TpTrace Information: 0 : 14472, 1, 2022/08/21, 19:13:00.951, 71876773114, vstest.console.dll, AssemblyResolver.OnResolve: Microsoft.Diagnostics.NETCore.Client: Resolving assembly.
TpTrace Information: 0 : 14472, 1, 2022/08/21, 19:13:00.951, 71876774261, vstest.console.dll, AssemblyResolver.OnResolve: Microsoft.Diagnostics.NETCore.Client: Searching in: 'C:\Program Files\dotnet\sdk\6.0.202\Extensions'.
TpTrace Information: 0 : 14472, 1, 2022/08/21, 19:13:00.951, 71876780670, vstest.console.dll, AssemblyResolver.OnResolve: Microsoft.Diagnostics.NETCore.Client: Loading assembly 'C:\Program Files\dotnet\sdk\6.0.202\Extensions\Microsoft.Diagnostics.NETCore.Client.dll'.
TpTrace Information: 0 : 14472, 1, 2022/08/21, 19:13:00.952, 71876789005, vstest.console.dll, AssemblyResolver.OnResolve: Resolved assembly: Microsoft.Diagnostics.NETCore.Client, from path: C:\Program Files\dotnet\sdk\6.0.202\Extensions\Microsoft.Diagnostics.NETCore.Client.dll
TpTrace Information: 0 : 14472, 1, 2022/08/21, 19:13:00.956, 71876827844, vstest.console.dll, AssemblyResolver.OnResolve: Microsoft.Bcl.AsyncInterfaces: Resolving assembly.
TpTrace Information: 0 : 14472, 1, 2022/08/21, 19:13:00.956, 71876829091, vstest.console.dll, AssemblyResolver.OnResolve: Microsoft.Bcl.AsyncInterfaces: Searching in: 'C:\Program Files\dotnet\sdk\6.0.202\Extensions'.
TpTrace Information: 0 : 14472, 1, 2022/08/21, 19:13:00.956, 71876830246, vstest.console.dll, AssemblyResolver.OnResolve: Microsoft.Bcl.AsyncInterfaces: Assembly path does not exist: 'C:\Program Files\dotnet\sdk\6.0.202\Extensions\Microsoft.Bcl.AsyncInterfaces.dll', returning.
TpTrace Information: 0 : 14472, 1, 2022/08/21, 19:13:00.956, 71876831304, vstest.console.dll, AssemblyResolver.OnResolve: Microsoft.Bcl.AsyncInterfaces: Assembly path does not exist: 'C:\Program Files\dotnet\sdk\6.0.202\Extensions\Microsoft.Bcl.AsyncInterfaces.exe', returning.
TpTrace Information: 0 : 14472, 1, 2022/08/21, 19:13:00.956, 71876831785, vstest.console.dll, AssemblyResolver.OnResolve: Microsoft.Bcl.AsyncInterfaces: Searching in: 'C:\Program Files\dotnet\sdk\6.0.202'.
TpTrace Information: 0 : 14472, 1, 2022/08/21, 19:13:00.957, 71876832831, vstest.console.dll, AssemblyResolver.OnResolve: Microsoft.Bcl.AsyncInterfaces: Assembly path does not exist: 'C:\Program Files\dotnet\sdk\6.0.202\Microsoft.Bcl.AsyncInterfaces.dll', returning.
TpTrace Information: 0 : 14472, 1, 2022/08/21, 19:13:00.957, 71876833959, vstest.console.dll, AssemblyResolver.OnResolve: Microsoft.Bcl.AsyncInterfaces: Assembly path does not exist: 'C:\Program Files\dotnet\sdk\6.0.202\Microsoft.Bcl.AsyncInterfaces.exe', returning.
TpTrace Information: 0 : 14472, 1, 2022/08/21, 19:13:00.957, 71876834597, vstest.console.dll, AssemblyResolver.OnResolve: Microsoft.Bcl.AsyncInterfaces: Failed to load assembly.
TpTrace Verbose: 0 : 14472, 1, 2022/08/21, 19:13:00.957, 71876835322, vstest.console.dll, CurrentDomainAssemblyResolve: Resolving assembly 'Microsoft.Bcl.AsyncInterfaces'.
TpTrace Information: 0 : 14472, 1, 2022/08/21, 19:13:00.957, 71876836287, vstest.console.dll, AssemblyResolver.OnResolve: Microsoft.Bcl.AsyncInterfaces: Resolving assembly.
TpTrace Information: 0 : 14472, 1, 2022/08/21, 19:13:00.957, 71876836822, vstest.console.dll, AssemblyResolver.OnResolve: Microsoft.Bcl.AsyncInterfaces: Resolved from cache.
TpTrace Verbose: 0 : 14472, 1, 2022/08/21, 19:13:00.957, 71876837178, vstest.console.dll, CurrentDomainAssemblyResolve: Resolving assembly 'Microsoft.Bcl.AsyncInterfaces'.
TpTrace Verbose: 0 : 14472, 1, 2022/08/21, 19:13:00.957, 71876837693, vstest.console.dll, CurrentDomainAssemblyResolve: Failed to resolve assembly 'Microsoft.Bcl.AsyncInterfaces'.
TpTrace Verbose: 0 : 14472, 1, 2022/08/21, 19:13:00.958, 71876842969, vstest.console.dll, CurrentDomainAssemblyResolve: Failed to resolve assembly 'Microsoft.Bcl.AsyncInterfaces'.
TpTrace Warning: 0 : 14472, 1, 2022/08/21, 19:13:00.980, 71877070570, vstest.console.dll, TestPluginDiscoverer: Failed to get types from assembly 'Microsoft.Diagnostics.NETCore.Client, Version=0.2.5.801, Culture=neutral, PublicKeyToken=31bf3856ad364e35'.  Skipping test extension scan for this assembly.  Error: System.Reflection.ReflectionTypeLoadException: Unable to load one or more of the requested types.
Could not load file or assembly 'Microsoft.Bcl.AsyncInterfaces, Version=1.0.0.0, Culture=neutral, PublicKeyToken=cc7b13ffcd2ddd51'. The system cannot find the file specified.
   at System.Reflection.RuntimeModule.GetTypes(RuntimeModule module)
   at System.Reflection.Assembly.GetTypes()
   at Microsoft.VisualStudio.TestPlatform.Common.ExtensionFramework.TestPluginDiscoverer.GetTestExtensionsFromAssembly[TPluginInfo,TExtension](Assembly assembly, Dictionary`2 pluginInfos)
System.IO.FileNotFoundException: Could not load file or assembly 'Microsoft.Bcl.AsyncInterfaces, Version=1.0.0.0, Culture=neutral, PublicKeyToken=cc7b13ffcd2ddd51'. The system cannot find the file specified.
File name: 'Microsoft.Bcl.AsyncInterfaces, Version=1.0.0.0, Culture=neutral, PublicKeyToken=cc7b13ffcd2ddd51'
 ---> System.IO.FileNotFoundException: Could not load file or assembly 'Microsoft.Bcl.AsyncInterfaces, Culture=neutral, PublicKeyToken=null'. The system cannot find the file specified.
File name: 'Microsoft.Bcl.AsyncInterfaces, Culture=neutral, PublicKeyToken=null'
   at System.Reflection.RuntimeAssembly.InternalLoad(ObjectHandleOnStack assemblyName, ObjectHandleOnStack requestingAssembly, StackCrawlMarkHandle stackMark, Boolean throwOnFileNotFound, ObjectHandleOnStack assemblyLoadContext, ObjectHandleOnStack retAssembly)
   at System.Reflection.RuntimeAssembly.InternalLoad(AssemblyName assemblyName, RuntimeAssembly requestingAssembly, StackCrawlMark& stackMark, Boolean throwOnFileNotFound, AssemblyLoadContext assemblyLoadContext)
   at System.Reflection.Assembly.Load(AssemblyName assemblyRef)
   at Microsoft.VisualStudio.TestPlatform.Common.ExtensionFramework.TestPluginCache.CurrentDomainAssemblyResolve(Object sender, AssemblyResolveEventArgs args)
   at Microsoft.VisualStudio.TestPlatform.PlatformAbstractions.PlatformAssemblyResolver.AssemblyResolverEvent(Object sender, Object eventArgs)
   at System.Runtime.Loader.AssemblyLoadContext.GetFirstResolvedAssemblyFromResolvingEvent(AssemblyName assemblyName)
   at System.Runtime.Loader.AssemblyLoadContext.ResolveUsingEvent(AssemblyName assemblyName)
   at System.Runtime.Loader.AssemblyLoadContext.ResolveUsingResolvingEvent(IntPtr gchManagedAssemblyLoadContext, AssemblyName assemblyName)
TpTrace Warning: 0 : 14472, 1, 2022/08/21, 19:13:00.981, 71877074617, vstest.console.dll, LoaderExceptions: System.IO.FileNotFoundException: Could not load file or assembly 'Microsoft.Bcl.AsyncInterfaces, Version=1.0.0.0, Culture=neutral, PublicKeyToken=cc7b13ffcd2ddd51'. The system cannot find the file specified.
File name: 'Microsoft.Bcl.AsyncInterfaces, Version=1.0.0.0, Culture=neutral, PublicKeyToken=cc7b13ffcd2ddd51'
 ---> System.IO.FileNotFoundException: Could not load file or assembly 'Microsoft.Bcl.AsyncInterfaces, Culture=neutral, PublicKeyToken=null'. The system cannot find the file specified.
File name: 'Microsoft.Bcl.AsyncInterfaces, Culture=neutral, PublicKeyToken=null'
   at System.Reflection.RuntimeAssembly.InternalLoad(ObjectHandleOnStack assemblyName, ObjectHandleOnStack requestingAssembly, StackCrawlMarkHandle stackMark, Boolean throwOnFileNotFound, ObjectHandleOnStack assemblyLoadContext, ObjectHandleOnStack retAssembly)
   at System.Reflection.RuntimeAssembly.InternalLoad(AssemblyName assemblyName, RuntimeAssembly requestingAssembly, StackCrawlMark& stackMark, Boolean throwOnFileNotFound, AssemblyLoadContext assemblyLoadContext)
   at System.Reflection.Assembly.Load(AssemblyName assemblyRef)
   at Microsoft.VisualStudio.TestPlatform.Common.ExtensionFramework.TestPluginCache.CurrentDomainAssemblyResolve(Object sender, AssemblyResolveEventArgs args)
   at Microsoft.VisualStudio.TestPlatform.PlatformAbstractions.PlatformAssemblyResolver.AssemblyResolverEvent(Object sender, Object eventArgs)
   at System.Runtime.Loader.AssemblyLoadContext.GetFirstResolvedAssemblyFromResolvingEvent(AssemblyName assemblyName)
   at System.Runtime.Loader.AssemblyLoadContext.ResolveUsingEvent(AssemblyName assemblyName)
   at System.Runtime.Loader.AssemblyLoadContext.ResolveUsingResolvingEvent(IntPtr gchManagedAssemblyLoadContext, AssemblyName assemblyName)
TpTrace Information: 0 : 14472, 1, 2022/08/21, 19:13:00.981, 71877076772, vstest.console.dll, AssemblyResolver.OnResolve: Microsoft.TestPlatform.Extensions.BlameDataCollector: Resolving assembly.
TpTrace Information: 0 : 14472, 1, 2022/08/21, 19:13:00.981, 71877077310, vstest.console.dll, AssemblyResolver.OnResolve: Microsoft.TestPlatform.Extensions.BlameDataCollector: Searching in: 'C:\Program Files\dotnet\sdk\6.0.202\Extensions'.
TpTrace Information: 0 : 14472, 1, 2022/08/21, 19:13:00.982, 71877082866, vstest.console.dll, AssemblyResolver.OnResolve: Microsoft.TestPlatform.Extensions.BlameDataCollector: Loading assembly 'C:\Program Files\dotnet\sdk\6.0.202\Extensions\Microsoft.TestPlatform.Extensions.BlameDataCollector.dll'.
TpTrace Information: 0 : 14472, 1, 2022/08/21, 19:13:00.982, 71877090262, vstest.console.dll, AssemblyResolver.OnResolve: Resolved assembly: Microsoft.TestPlatform.Extensions.BlameDataCollector, from path: C:\Program Files\dotnet\sdk\6.0.202\Extensions\Microsoft.TestPlatform.Extensions.BlameDataCollector.dll
TpTrace Information: 0 : 14472, 1, 2022/08/21, 19:13:00.983, 71877101251, vstest.console.dll, AssemblyResolver.OnResolve: Microsoft.TestPlatform.Extensions.EventLogCollector: Resolving assembly.
TpTrace Information: 0 : 14472, 1, 2022/08/21, 19:13:00.984, 71877102488, vstest.console.dll, AssemblyResolver.OnResolve: Microsoft.TestPlatform.Extensions.EventLogCollector: Searching in: 'C:\Program Files\dotnet\sdk\6.0.202\Extensions'.
TpTrace Information: 0 : 14472, 1, 2022/08/21, 19:13:00.984, 71877108786, vstest.console.dll, AssemblyResolver.OnResolve: Microsoft.TestPlatform.Extensions.EventLogCollector: Loading assembly 'C:\Program Files\dotnet\sdk\6.0.202\Extensions\Microsoft.TestPlatform.Extensions.EventLogCollector.dll'.
TpTrace Information: 0 : 14472, 1, 2022/08/21, 19:13:00.985, 71877116427, vstest.console.dll, AssemblyResolver.OnResolve: Resolved assembly: Microsoft.TestPlatform.Extensions.EventLogCollector, from path: C:\Program Files\dotnet\sdk\6.0.202\Extensions\Microsoft.TestPlatform.Extensions.EventLogCollector.dll
TpTrace Information: 0 : 14472, 1, 2022/08/21, 19:13:00.986, 71877131424, vstest.console.dll, AssemblyResolver.OnResolve: Microsoft.TestPlatform.TestHostRuntimeProvider: Resolving assembly.
TpTrace Information: 0 : 14472, 1, 2022/08/21, 19:13:00.987, 71877132690, vstest.console.dll, AssemblyResolver.OnResolve: Microsoft.TestPlatform.TestHostRuntimeProvider: Searching in: 'C:\Program Files\dotnet\sdk\6.0.202\Extensions'.
TpTrace Information: 0 : 14472, 1, 2022/08/21, 19:13:00.987, 71877139045, vstest.console.dll, AssemblyResolver.OnResolve: Microsoft.TestPlatform.TestHostRuntimeProvider: Loading assembly 'C:\Program Files\dotnet\sdk\6.0.202\Extensions\Microsoft.TestPlatform.TestHostRuntimeProvider.dll'.
TpTrace Information: 0 : 14472, 1, 2022/08/21, 19:13:00.988, 71877146629, vstest.console.dll, AssemblyResolver.OnResolve: Resolved assembly: Microsoft.TestPlatform.TestHostRuntimeProvider, from path: C:\Program Files\dotnet\sdk\6.0.202\Extensions\Microsoft.TestPlatform.TestHostRuntimeProvider.dll
TpTrace Information: 0 : 14472, 1, 2022/08/21, 19:13:00.990, 71877169389, vstest.console.dll, AssemblyResolver.OnResolve: Microsoft.VisualStudio.TestPlatform.Extensions.Html.TestLogger: Resolving assembly.
TpTrace Information: 0 : 14472, 1, 2022/08/21, 19:13:00.990, 71877171014, vstest.console.dll, AssemblyResolver.OnResolve: Microsoft.VisualStudio.TestPlatform.Extensions.Html.TestLogger: Searching in: 'C:\Program Files\dotnet\sdk\6.0.202\Extensions'.
TpTrace Information: 0 : 14472, 1, 2022/08/21, 19:13:00.991, 71877177418, vstest.console.dll, AssemblyResolver.OnResolve: Microsoft.VisualStudio.TestPlatform.Extensions.Html.TestLogger: Loading assembly 'C:\Program Files\dotnet\sdk\6.0.202\Extensions\Microsoft.VisualStudio.TestPlatform.Extensions.Html.TestLogger.dll'.
TpTrace Information: 0 : 14472, 1, 2022/08/21, 19:13:00.992, 71877184667, vstest.console.dll, AssemblyResolver.OnResolve: Resolved assembly: Microsoft.VisualStudio.TestPlatform.Extensions.Html.TestLogger, from path: C:\Program Files\dotnet\sdk\6.0.202\Extensions\Microsoft.VisualStudio.TestPlatform.Extensions.Html.TestLogger.dll
TpTrace Information: 0 : 14472, 1, 2022/08/21, 19:13:00.992, 71877189111, vstest.console.dll, AssemblyResolver.OnResolve: Microsoft.VisualStudio.TestPlatform.Extensions.Trx.TestLogger: Resolving assembly.
TpTrace Information: 0 : 14472, 1, 2022/08/21, 19:13:00.992, 71877189955, vstest.console.dll, AssemblyResolver.OnResolve: Microsoft.VisualStudio.TestPlatform.Extensions.Trx.TestLogger: Searching in: 'C:\Program Files\dotnet\sdk\6.0.202\Extensions'.
TpTrace Information: 0 : 14472, 1, 2022/08/21, 19:13:00.993, 71877195954, vstest.console.dll, AssemblyResolver.OnResolve: Microsoft.VisualStudio.TestPlatform.Extensions.Trx.TestLogger: Loading assembly 'C:\Program Files\dotnet\sdk\6.0.202\Extensions\Microsoft.VisualStudio.TestPlatform.Extensions.Trx.TestLogger.dll'.
TpTrace Information: 0 : 14472, 1, 2022/08/21, 19:13:00.994, 71877208615, vstest.console.dll, AssemblyResolver.OnResolve: Resolved assembly: Microsoft.VisualStudio.TestPlatform.Extensions.Trx.TestLogger, from path: C:\Program Files\dotnet\sdk\6.0.202\Extensions\Microsoft.VisualStudio.TestPlatform.Extensions.Trx.TestLogger.dll
TpTrace Verbose: 0 : 14472, 1, 2022/08/21, 19:13:00.996, 71877226027, vstest.console.dll, TestPluginCache: Discovered the extensions using extension path ''.
TpTrace Verbose: 0 : 14472, 1, 2022/08/21, 19:13:00.996, 71877227100, vstest.console.dll, TestPluginCache: Discoverers are ''.
TpTrace Verbose: 0 : 14472, 1, 2022/08/21, 19:13:00.996, 71877227434, vstest.console.dll, TestPluginCache: Executors are ''.
TpTrace Verbose: 0 : 14472, 1, 2022/08/21, 19:13:00.996, 71877227708, vstest.console.dll, TestPluginCache: Executors2 are ''.
TpTrace Verbose: 0 : 14472, 1, 2022/08/21, 19:13:00.996, 71877227973, vstest.console.dll, TestPluginCache: Setting providers are ''.
TpTrace Verbose: 0 : 14472, 1, 2022/08/21, 19:13:00.996, 71877228310, vstest.console.dll, TestPluginCache: Loggers are ''.
TpTrace Information: 0 : 14472, 1, 2022/08/21, 19:13:01.007, 71877334815, vstest.console.dll, RunTestsArgumentProcessor:Execute: Test run is starting.
TpTrace Verbose: 0 : 14472, 1, 2022/08/21, 19:13:01.007, 71877336096, vstest.console.dll, RunTestsArgumentProcessor:Execute: Queuing Test run.
TpTrace Information: 0 : 14472, 1, 2022/08/21, 19:13:01.008, 71877342135, vstest.console.dll, TestRequestManager.RunTests: run tests started.
TpTrace Information: 0 : 14472, 1, 2022/08/21, 19:13:01.015, 71877412228, vstest.console.dll, AssemblyMetadataProvider.GetFrameWork: Determined framework:'.NETCoreApp,Version=v6.0' for source: 'D:\DotNet\Practice\SupplierMicroservice\SupplierMicroserviceTest\bin\Debug\net6.0\fine-code-coverage\build-output\SupplierMicroserviceTest.dll'
TpTrace Information: 0 : 14472, 1, 2022/08/21, 19:13:01.015, 71877414584, vstest.console.dll, Determined framework for all sources: .NETCoreApp,Version=v6.0
TpTrace Verbose: 0 : 14472, 1, 2022/08/21, 19:13:01.015, 71877418252, vstest.console.dll, Default architecture: X64 IsDefaultTargetArchitecture: True
TpTrace Information: 0 : 14472, 1, 2022/08/21, 19:13:01.016, 71877422112, vstest.console.dll, AssemblyMetadataProvider.GetArchitecture: Determined architecture:AnyCPU info for assembly: D:\DotNet\Practice\SupplierMicroservice\SupplierMicroserviceTest\bin\Debug\net6.0\fine-code-coverage\build-output\SupplierMicroserviceTest.dll
TpTrace Information: 0 : 14472, 1, 2022/08/21, 19:13:01.016, 71877422880, vstest.console.dll, Determined platform for source 'D:\DotNet\Practice\SupplierMicroservice\SupplierMicroserviceTest\bin\Debug\net6.0\fine-code-coverage\build-output\SupplierMicroserviceTest.dll' is 'AnyCPU'
TpTrace Information: 0 : 14472, 1, 2022/08/21, 19:13:01.018, 71877449046, vstest.console.dll, Determined platform for all sources: X64
TpTrace Information: 0 : 14472, 1, 2022/08/21, 19:13:01.018, 71877450083, vstest.console.dll, Infered platform 'X64'.
TpTrace Information: 0 : 14472, 1, 2022/08/21, 19:13:01.018, 71877450534, vstest.console.dll, Platform update to 'X64' required.
TpTrace Information: 0 : 14472, 1, 2022/08/21, 19:13:01.025, 71877515596, vstest.console.dll, Compatible sources list : 
TpTrace Information: 0 : 14472, 1, 2022/08/21, 19:13:01.025, 71877517306, vstest.console.dll, D:\DotNet\Practice\SupplierMicroservice\SupplierMicroserviceTest\bin\Debug\net6.0\fine-code-coverage\build-output\SupplierMicroserviceTest.dll
TpTrace Information: 0 : 14472, 1, 2022/08/21, 19:13:01.029, 71877560165, vstest.console.dll, InferRunSettingsHelper.IsTestSettingsEnabled: Unable to navigate to RunSettings/MSTest. Current node: RunSettings
TpTrace Information: 0 : 14472, 1, 2022/08/21, 19:13:01.030, 71877568114, vstest.console.dll, AssemblyResolver.OnResolve: Microsoft.VisualStudio.TestPlatform.Fakes: Resolving assembly.
TpTrace Information: 0 : 14472, 1, 2022/08/21, 19:13:01.030, 71877568923, vstest.console.dll, AssemblyResolver.OnResolve: Microsoft.VisualStudio.TestPlatform.Fakes: Searching in: 'C:\Program Files\dotnet\sdk\6.0.202\Extensions'.
TpTrace Information: 0 : 14472, 1, 2022/08/21, 19:13:01.030, 71877570021, vstest.console.dll, AssemblyResolver.OnResolve: Microsoft.VisualStudio.TestPlatform.Fakes: Assembly path does not exist: 'C:\Program Files\dotnet\sdk\6.0.202\Extensions\Microsoft.VisualStudio.TestPlatform.Fakes.dll', returning.
TpTrace Information: 0 : 14472, 1, 2022/08/21, 19:13:01.030, 71877570684, vstest.console.dll, AssemblyResolver.OnResolve: Microsoft.VisualStudio.TestPlatform.Fakes: Assembly path does not exist: 'C:\Program Files\dotnet\sdk\6.0.202\Extensions\Microsoft.VisualStudio.TestPlatform.Fakes.exe', returning.
TpTrace Information: 0 : 14472, 1, 2022/08/21, 19:13:01.030, 71877571025, vstest.console.dll, AssemblyResolver.OnResolve: Microsoft.VisualStudio.TestPlatform.Fakes: Searching in: 'C:\Program Files\dotnet\sdk\6.0.202'.
TpTrace Information: 0 : 14472, 1, 2022/08/21, 19:13:01.030, 71877571630, vstest.console.dll, AssemblyResolver.OnResolve: Microsoft.VisualStudio.TestPlatform.Fakes: Assembly path does not exist: 'C:\Program Files\dotnet\sdk\6.0.202\Microsoft.VisualStudio.TestPlatform.Fakes.dll', returning.
TpTrace Information: 0 : 14472, 1, 2022/08/21, 19:13:01.031, 71877572256, vstest.console.dll, AssemblyResolver.OnResolve: Microsoft.VisualStudio.TestPlatform.Fakes: Assembly path does not exist: 'C:\Program Files\dotnet\sdk\6.0.202\Microsoft.VisualStudio.TestPlatform.Fakes.exe', returning.
TpTrace Information: 0 : 14472, 1, 2022/08/21, 19:13:01.031, 71877572584, vstest.console.dll, AssemblyResolver.OnResolve: Microsoft.VisualStudio.TestPlatform.Fakes: Failed to load assembly.
TpTrace Information: 0 : 14472, 1, 2022/08/21, 19:13:01.031, 71877575821, vstest.console.dll, Failed to load assembly Microsoft.VisualStudio.TestPlatform.Fakes, Version=17.0.0.0, Culture=neutral. Reason:System.IO.FileNotFoundException: Could not load file or assembly 'Microsoft.VisualStudio.TestPlatform.Fakes, Version=17.0.0.0, Culture=neutral, PublicKeyToken=null'. The system cannot find the file specified.
File name: 'Microsoft.VisualStudio.TestPlatform.Fakes, Version=17.0.0.0, Culture=neutral, PublicKeyToken=null'
   at System.Reflection.RuntimeAssembly.InternalLoad(ObjectHandleOnStack assemblyName, ObjectHandleOnStack requestingAssembly, StackCrawlMarkHandle stackMark, Boolean throwOnFileNotFound, ObjectHandleOnStack assemblyLoadContext, ObjectHandleOnStack retAssembly)
   at System.Reflection.RuntimeAssembly.InternalLoad(AssemblyName assemblyName, RuntimeAssembly requestingAssembly, StackCrawlMark& stackMark, Boolean throwOnFileNotFound, AssemblyLoadContext assemblyLoadContext)
   at System.Reflection.Assembly.Load(AssemblyName assemblyRef)
   at Microsoft.VisualStudio.TestPlatform.Common.Utilities.FakesUtilities.LoadTestPlatformAssembly()
TpTrace Verbose: 0 : 14472, 1, 2022/08/21, 19:13:01.035, 71877617635, vstest.console.dll, TestPluginCache.DiscoverTestExtensions: finding test extensions in assemblies ends with: TestLogger.dll TPluginInfo: Microsoft.VisualStudio.TestPlatform.Common.ExtensionFramework.Utilities.TestLoggerPluginInformation TExtension: Microsoft.VisualStudio.TestPlatform.ObjectModel.Client.ITestLogger
TpTrace Verbose: 0 : 14472, 1, 2022/08/21, 19:13:01.035, 71877618816, vstest.console.dll, TestPluginCache.GetExtensionPaths: Filtered extension paths: 
TpTrace Verbose: 0 : 14472, 1, 2022/08/21, 19:13:01.035, 71877619233, vstest.console.dll, TestPluginCache.GetExtensionPaths: Added default extension paths: C:\Program Files\dotnet\sdk\6.0.202\Extensions\DumpMinitool.exe
C:\Program Files\dotnet\sdk\6.0.202\Extensions\DumpMinitool.x86.exe
C:\Program Files\dotnet\sdk\6.0.202\Extensions\Microsoft.Diagnostics.NETCore.Client.dll
C:\Program Files\dotnet\sdk\6.0.202\Extensions\Microsoft.TestPlatform.Extensions.BlameDataCollector.dll
C:\Program Files\dotnet\sdk\6.0.202\Extensions\Microsoft.TestPlatform.Extensions.EventLogCollector.dll
C:\Program Files\dotnet\sdk\6.0.202\Extensions\Microsoft.TestPlatform.TestHostRuntimeProvider.dll
C:\Program Files\dotnet\sdk\6.0.202\Extensions\Microsoft.VisualStudio.TestPlatform.Extensions.Html.TestLogger.dll
C:\Program Files\dotnet\sdk\6.0.202\Extensions\Microsoft.VisualStudio.TestPlatform.Extensions.Trx.TestLogger.dll
TpTrace Verbose: 0 : 14472, 1, 2022/08/21, 19:13:01.035, 71877619644, vstest.console.dll, TestPluginCache.GetExtensionPaths: Added unfilterableExtensionPaths: 
TpTrace Information: 0 : 14472, 1, 2022/08/21, 19:13:01.035, 71877621176, vstest.console.dll, AssemblyResolver.AddSearchDirectories: Adding more searchDirectories C:\Program Files\dotnet\sdk\6.0.202\Extensions,C:\Program Files\dotnet\sdk\6.0.202
TpTrace Verbose: 0 : 14472, 1, 2022/08/21, 19:13:01.035, 71877621642, vstest.console.dll, TestPluginCache.DiscoverTestExtensions: Discovering the extensions using extension path.
TpTrace Verbose: 0 : 14472, 1, 2022/08/21, 19:13:01.036, 71877622288, vstest.console.dll, TestPluginCache.GetExtensionPaths: Filtered extension paths: 
TpTrace Verbose: 0 : 14472, 1, 2022/08/21, 19:13:01.036, 71877622616, vstest.console.dll, TestPluginCache.GetExtensionPaths: Added default extension paths: C:\Program Files\dotnet\sdk\6.0.202\Extensions\DumpMinitool.exe
C:\Program Files\dotnet\sdk\6.0.202\Extensions\DumpMinitool.x86.exe
C:\Program Files\dotnet\sdk\6.0.202\Extensions\Microsoft.Diagnostics.NETCore.Client.dll
C:\Program Files\dotnet\sdk\6.0.202\Extensions\Microsoft.TestPlatform.Extensions.BlameDataCollector.dll
C:\Program Files\dotnet\sdk\6.0.202\Extensions\Microsoft.TestPlatform.Extensions.EventLogCollector.dll
C:\Program Files\dotnet\sdk\6.0.202\Extensions\Microsoft.TestPlatform.TestHostRuntimeProvider.dll
C:\Program Files\dotnet\sdk\6.0.202\Extensions\Microsoft.VisualStudio.TestPlatform.Extensions.Html.TestLogger.dll
C:\Program Files\dotnet\sdk\6.0.202\Extensions\Microsoft.VisualStudio.TestPlatform.Extensions.Trx.TestLogger.dll
TpTrace Verbose: 0 : 14472, 1, 2022/08/21, 19:13:01.037, 71877636691, vstest.console.dll, TestPluginCache.GetExtensionPaths: Added unfilterableExtensionPaths: 
TpTrace Verbose: 0 : 14472, 1, 2022/08/21, 19:13:01.037, 71877637145, vstest.console.dll, TestPluginCache.DiscoverTestExtensions: Discovering the extensions using allExtensionPaths: C:\Program Files\dotnet\sdk\6.0.202\Extensions\DumpMinitool.exe
C:\Program Files\dotnet\sdk\6.0.202\Extensions\DumpMinitool.x86.exe
C:\Program Files\dotnet\sdk\6.0.202\Extensions\Microsoft.Diagnostics.NETCore.Client.dll
C:\Program Files\dotnet\sdk\6.0.202\Extensions\Microsoft.TestPlatform.Extensions.BlameDataCollector.dll
C:\Program Files\dotnet\sdk\6.0.202\Extensions\Microsoft.TestPlatform.Extensions.EventLogCollector.dll
C:\Program Files\dotnet\sdk\6.0.202\Extensions\Microsoft.TestPlatform.TestHostRuntimeProvider.dll
C:\Program Files\dotnet\sdk\6.0.202\Extensions\Microsoft.VisualStudio.TestPlatform.Extensions.Html.TestLogger.dll
C:\Program Files\dotnet\sdk\6.0.202\Extensions\Microsoft.VisualStudio.TestPlatform.Extensions.Trx.TestLogger.dll
TpTrace Information: 0 : 14472, 1, 2022/08/21, 19:13:01.037, 71877638321, vstest.console.dll, AssemblyResolver.AddSearchDirectories: Adding more searchDirectories C:\Program Files\dotnet\sdk\6.0.202\Extensions,C:\Program Files\dotnet\sdk\6.0.202
TpTrace Information: 0 : 14472, 1, 2022/08/21, 19:13:01.037, 71877638782, vstest.console.dll, AssemblyResolver.AddSearchDirectories: Adding more searchDirectories C:\Program Files\dotnet\sdk\6.0.202\Extensions,C:\Program Files\dotnet\sdk\6.0.202
TpTrace Information: 0 : 14472, 1, 2022/08/21, 19:13:01.037, 71877639115, vstest.console.dll, AssemblyResolver.AddSearchDirectories: Adding more searchDirectories C:\Program Files\dotnet\sdk\6.0.202\Extensions,C:\Program Files\dotnet\sdk\6.0.202
TpTrace Information: 0 : 14472, 1, 2022/08/21, 19:13:01.037, 71877639435, vstest.console.dll, AssemblyResolver.AddSearchDirectories: Adding more searchDirectories C:\Program Files\dotnet\sdk\6.0.202\Extensions,C:\Program Files\dotnet\sdk\6.0.202
TpTrace Information: 0 : 14472, 1, 2022/08/21, 19:13:01.037, 71877639759, vstest.console.dll, AssemblyResolver.AddSearchDirectories: Adding more searchDirectories C:\Program Files\dotnet\sdk\6.0.202\Extensions,C:\Program Files\dotnet\sdk\6.0.202
TpTrace Information: 0 : 14472, 1, 2022/08/21, 19:13:01.037, 71877640079, vstest.console.dll, AssemblyResolver.AddSearchDirectories: Adding more searchDirectories C:\Program Files\dotnet\sdk\6.0.202\Extensions,C:\Program Files\dotnet\sdk\6.0.202
TpTrace Information: 0 : 14472, 1, 2022/08/21, 19:13:01.037, 71877640392, vstest.console.dll, AssemblyResolver.AddSearchDirectories: Adding more searchDirectories C:\Program Files\dotnet\sdk\6.0.202\Extensions,C:\Program Files\dotnet\sdk\6.0.202
TpTrace Information: 0 : 14472, 1, 2022/08/21, 19:13:01.037, 71877640705, vstest.console.dll, AssemblyResolver.AddSearchDirectories: Adding more searchDirectories C:\Program Files\dotnet\sdk\6.0.202\Extensions,C:\Program Files\dotnet\sdk\6.0.202
TpTrace Information: 0 : 14472, 1, 2022/08/21, 19:13:01.038, 71877644892, vstest.console.dll, AssemblyResolver.OnResolve: Microsoft.Bcl.AsyncInterfaces: Resolving assembly.
TpTrace Information: 0 : 14472, 1, 2022/08/21, 19:13:01.038, 71877645409, vstest.console.dll, AssemblyResolver.OnResolve: Microsoft.Bcl.AsyncInterfaces: Resolved from cache.
TpTrace Verbose: 0 : 14472, 1, 2022/08/21, 19:13:01.038, 71877645757, vstest.console.dll, CurrentDomainAssemblyResolve: Resolving assembly 'Microsoft.Bcl.AsyncInterfaces'.
TpTrace Information: 0 : 14472, 1, 2022/08/21, 19:13:01.038, 71877646210, vstest.console.dll, AssemblyResolver.OnResolve: Microsoft.Bcl.AsyncInterfaces: Resolving assembly.
TpTrace Information: 0 : 14472, 1, 2022/08/21, 19:13:01.038, 71877646523, vstest.console.dll, AssemblyResolver.OnResolve: Microsoft.Bcl.AsyncInterfaces: Resolved from cache.
TpTrace Verbose: 0 : 14472, 1, 2022/08/21, 19:13:01.038, 71877646855, vstest.console.dll, CurrentDomainAssemblyResolve: Resolving assembly 'Microsoft.Bcl.AsyncInterfaces'.
TpTrace Verbose: 0 : 14472, 1, 2022/08/21, 19:13:01.038, 71877647152, vstest.console.dll, CurrentDomainAssemblyResolve: Failed to resolve assembly 'Microsoft.Bcl.AsyncInterfaces'.
TpTrace Verbose: 0 : 14472, 1, 2022/08/21, 19:13:01.038, 71877649082, vstest.console.dll, CurrentDomainAssemblyResolve: Failed to resolve assembly 'Microsoft.Bcl.AsyncInterfaces'.
TpTrace Warning: 0 : 14472, 1, 2022/08/21, 19:13:01.039, 71877653051, vstest.console.dll, TestPluginDiscoverer: Failed to get types from assembly 'Microsoft.Diagnostics.NETCore.Client, Version=0.2.5.801, Culture=neutral, PublicKeyToken=31bf3856ad364e35'.  Skipping test extension scan for this assembly.  Error: System.Reflection.ReflectionTypeLoadException: Unable to load one or more of the requested types.
Could not load file or assembly 'Microsoft.Bcl.AsyncInterfaces, Version=1.0.0.0, Culture=neutral, PublicKeyToken=cc7b13ffcd2ddd51'. The system cannot find the file specified.
   at System.Reflection.RuntimeModule.GetTypes(RuntimeModule module)
   at System.Reflection.Assembly.GetTypes()
   at Microsoft.VisualStudio.TestPlatform.Common.ExtensionFramework.TestPluginDiscoverer.GetTestExtensionsFromAssembly[TPluginInfo,TExtension](Assembly assembly, Dictionary`2 pluginInfos)
System.IO.FileNotFoundException: Could not load file or assembly 'Microsoft.Bcl.AsyncInterfaces, Version=1.0.0.0, Culture=neutral, PublicKeyToken=cc7b13ffcd2ddd51'. The system cannot find the file specified.
File name: 'Microsoft.Bcl.AsyncInterfaces, Version=1.0.0.0, Culture=neutral, PublicKeyToken=cc7b13ffcd2ddd51'
 ---> System.IO.FileNotFoundException: Could not load file or assembly 'Microsoft.Bcl.AsyncInterfaces, Culture=neutral, PublicKeyToken=null'. The system cannot find the file specified.
File name: 'Microsoft.Bcl.AsyncInterfaces, Culture=neutral, PublicKeyToken=null'
   at System.Reflection.RuntimeAssembly.InternalLoad(ObjectHandleOnStack assemblyName, ObjectHandleOnStack requestingAssembly, StackCrawlMarkHandle stackMark, Boolean throwOnFileNotFound, ObjectHandleOnStack assemblyLoadContext, ObjectHandleOnStack retAssembly)
   at System.Reflection.RuntimeAssembly.InternalLoad(AssemblyName assemblyName, RuntimeAssembly requestingAssembly, StackCrawlMark& stackMark, Boolean throwOnFileNotFound, AssemblyLoadContext assemblyLoadContext)
   at System.Reflection.Assembly.Load(AssemblyName assemblyRef)
   at Microsoft.VisualStudio.TestPlatform.Common.ExtensionFramework.TestPluginCache.CurrentDomainAssemblyResolve(Object sender, AssemblyResolveEventArgs args)
   at Microsoft.VisualStudio.TestPlatform.PlatformAbstractions.PlatformAssemblyResolver.AssemblyResolverEvent(Object sender, Object eventArgs)
   at System.Runtime.Loader.AssemblyLoadContext.GetFirstResolvedAssemblyFromResolvingEvent(AssemblyName assemblyName)
   at System.Runtime.Loader.AssemblyLoadContext.ResolveUsingEvent(AssemblyName assemblyName)
   at System.Runtime.Loader.AssemblyLoadContext.ResolveUsingResolvingEvent(IntPtr gchManagedAssemblyLoadContext, AssemblyName assemblyName)
TpTrace Warning: 0 : 14472, 1, 2022/08/21, 19:13:01.039, 71877654599, vstest.console.dll, LoaderExceptions: System.IO.FileNotFoundException: Could not load file or assembly 'Microsoft.Bcl.AsyncInterfaces, Version=1.0.0.0, Culture=neutral, PublicKeyToken=cc7b13ffcd2ddd51'. The system cannot find the file specified.
File name: 'Microsoft.Bcl.AsyncInterfaces, Version=1.0.0.0, Culture=neutral, PublicKeyToken=cc7b13ffcd2ddd51'
 ---> System.IO.FileNotFoundException: Could not load file or assembly 'Microsoft.Bcl.AsyncInterfaces, Culture=neutral, PublicKeyToken=null'. The system cannot find the file specified.
File name: 'Microsoft.Bcl.AsyncInterfaces, Culture=neutral, PublicKeyToken=null'
   at System.Reflection.RuntimeAssembly.InternalLoad(ObjectHandleOnStack assemblyName, ObjectHandleOnStack requestingAssembly, StackCrawlMarkHandle stackMark, Boolean throwOnFileNotFound, ObjectHandleOnStack assemblyLoadContext, ObjectHandleOnStack retAssembly)
   at System.Reflection.RuntimeAssembly.InternalLoad(AssemblyName assemblyName, RuntimeAssembly requestingAssembly, StackCrawlMark& stackMark, Boolean throwOnFileNotFound, AssemblyLoadContext assemblyLoadContext)
   at System.Reflection.Assembly.Load(AssemblyName assemblyRef)
   at Microsoft.VisualStudio.TestPlatform.Common.ExtensionFramework.TestPluginCache.CurrentDomainAssemblyResolve(Object sender, AssemblyResolveEventArgs args)
   at Microsoft.VisualStudio.TestPlatform.PlatformAbstractions.PlatformAssemblyResolver.AssemblyResolverEvent(Object sender, Object eventArgs)
   at System.Runtime.Loader.AssemblyLoadContext.GetFirstResolvedAssemblyFromResolvingEvent(AssemblyName assemblyName)
   at System.Runtime.Loader.AssemblyLoadContext.ResolveUsingEvent(AssemblyName assemblyName)
   at System.Runtime.Loader.AssemblyLoadContext.ResolveUsingResolvingEvent(IntPtr gchManagedAssemblyLoadContext, AssemblyName assemblyName)
TpTrace Verbose: 0 : 14472, 1, 2022/08/21, 19:13:01.039, 71877659168, vstest.console.dll, TestPluginCache: Discovered the extensions using extension path ''.
TpTrace Verbose: 0 : 14472, 1, 2022/08/21, 19:13:01.039, 71877659767, vstest.console.dll, TestPluginCache: Discoverers are ''.
TpTrace Verbose: 0 : 14472, 1, 2022/08/21, 19:13:01.039, 71877660065, vstest.console.dll, TestPluginCache: Executors are ''.
TpTrace Verbose: 0 : 14472, 1, 2022/08/21, 19:13:01.039, 71877660336, vstest.console.dll, TestPluginCache: Executors2 are ''.
TpTrace Verbose: 0 : 14472, 1, 2022/08/21, 19:13:01.039, 71877660600, vstest.console.dll, TestPluginCache: Setting providers are ''.
TpTrace Verbose: 0 : 14472, 1, 2022/08/21, 19:13:01.039, 71877661310, vstest.console.dll, TestPluginCache: Loggers are 'logger://Microsoft/TestPlatform/Extensions/Blame/v1,logger://Microsoft/TestPlatform/HtmlLogger/v1,logger://Microsoft/TestPlatform/TrxLogger/v1'.
TpTrace Information: 0 : 14472, 1, 2022/08/21, 19:13:01.040, 71877668137, vstest.console.dll, TestPluginManager.CreateTestExtension: Attempting to load test extension: Microsoft.TestPlatform.Extensions.BlameDataCollector.BlameLogger
TpTrace Information: 0 : 14472, 1, 2022/08/21, 19:13:01.046, 71877726401, vstest.console.dll, TestPluginManager.CreateTestExtension: Attempting to load test extension: Microsoft.VisualStudio.TestPlatform.CrossPlatEngine.Hosting.DefaultTestHostManager
TpTrace Information: 0 : 14472, 1, 2022/08/21, 19:13:01.047, 71877740739, vstest.console.dll, TestPluginManager.CreateTestExtension: Attempting to load test extension: Microsoft.VisualStudio.TestPlatform.CrossPlatEngine.Hosting.DotnetTestHostManager
TpTrace Verbose: 0 : 14472, 1, 2022/08/21, 19:13:01.048, 71877747016, vstest.console.dll, TestEngine: Initializing Parallel Execution as MaxCpuCount is set to: 1
TpTrace Information: 0 : 14472, 1, 2022/08/21, 19:13:01.049, 71877752365, vstest.console.dll, InferRunSettingsHelper.IsTestSettingsEnabled: Unable to navigate to RunSettings/MSTest. Current node: RunSettings
TpTrace Verbose: 0 : 14472, 1, 2022/08/21, 19:13:01.063, 71877901691, vstest.console.dll, TestRequestSender is acting as server
TpTrace Verbose: 0 : 14472, 5, 2022/08/21, 19:13:01.069, 71877955632, vstest.console.dll, DataCollectionRequestSender.InitializeCommunication : Initialize communication. 
TpTrace Information: 0 : 14472, 5, 2022/08/21, 19:13:01.075, 71878016104, vstest.console.dll, Listening on Endpoint : 127.0.0.1:63240
TpTrace Verbose: 0 : 14472, 5, 2022/08/21, 19:13:01.086, 71878126815, vstest.console.dll, DotnetDataCollectionLauncher: Full path of dotnet.exe is C:\Program Files\dotnet\dotnet.exe
TpTrace Verbose: 0 : 14472, 5, 2022/08/21, 19:13:01.086, 71878128711, vstest.console.dll, DotnetDataCollectionLauncher: Adding  --runtimeconfig "C:\Program Files\dotnet\sdk\6.0.202\datacollector.runtimeconfig.json" in args
TpTrace Verbose: 0 : 14472, 5, 2022/08/21, 19:13:01.086, 71878129445, vstest.console.dll, DotnetDataCollectionLauncher: Adding  --depsfile "C:\Program Files\dotnet\sdk\6.0.202\datacollector.deps.json" in args
TpTrace Information: 0 : 14472, 5, 2022/08/21, 19:13:01.096, 71878227085, vstest.console.dll, ProxyDataCollectionManager.Initialize: Launched datacollector processId: 11456 port: 63240
TpTrace Information: 0 : 14472, 5, 2022/08/21, 19:13:01.096, 71878229394, vstest.console.dll, ProxyDataCollectionManager.Initialize: waiting for connection with timeout: 90 seconds
TpTrace Verbose: 0 : 14472, 5, 2022/08/21, 19:13:01.096, 71878230421, vstest.console.dll, DataCollectionRequestSender.WaitForRequestHandlerConnection : Waiting for connection with timeout: 90000
TpTrace Information: 0 : 14472, 8, 2022/08/21, 19:13:01.252, 71879783933, vstest.console.dll, Using the buffer size of 16384 bytes
TpTrace Verbose: 0 : 14472, 5, 2022/08/21, 19:13:01.252, 71879784903, vstest.console.dll, ProxyDataCollectionManager.InvokeDataCollectionServiceAction: Starting.
TpTrace Information: 0 : 14472, 8, 2022/08/21, 19:13:01.252, 71879785409, vstest.console.dll, Accepted Client request and set the flag
TpTrace Information: 0 : 14472, 5, 2022/08/21, 19:13:01.252, 71879786895, vstest.console.dll, ProxyDataCollectionManager.BeforeTestRunStart: Get environment variable and port for datacollector processId: 11456 port: 63240
TpTrace Verbose: 0 : 14472, 5, 2022/08/21, 19:13:01.252, 71879788671, vstest.console.dll, DataCollectionRequestSender.SendBeforeTestRunStartAndGetResult : Send BeforeTestRunStart message with settingsXml <RunSettings><RunConfiguration><ResultsDirectory>D:\DotNet\Practice\SupplierMicroservice\SupplierMicroserviceTest\bin\Debug\net6.0\fine-code-coverage\coverage-tool-output</ResultsDirectory><TargetPlatform>X64</TargetPlatform><TargetFrameworkVersion>.NETCoreApp,Version=v6.0</TargetFrameworkVersion><DesignMode>False</DesignMode><CollectSourceInformation>False</CollectSourceInformation><TestAdaptersPaths>C:\Program Files\dotnet\sdk\6.0.202\Extensions</TestAdaptersPaths></RunConfiguration><LoggerRunSettings><Loggers><Logger friendlyName="blame" enabled="True" /><Logger friendlyName="Console" uri="logger://microsoft/TestPlatform/ConsoleLogger/v1" assemblyQualifiedName="Microsoft.VisualStudio.TestPlatform.CommandLine.Internal.ConsoleLogger, vstest.console, Version=15.0.0.0, Culture=neutral, PublicKeyToken=b03f5f7f11d50a3a" codeBase="C:\Program Files\dotnet\sdk\6.0.202\vstest.console.dll" enabled="True" /></Loggers></LoggerRunSettings><DataCollectionRunSettings><DataCollectors><DataCollector friendlyName="blame" enabled="True"><Configuration><ResultsDirectory>D:\DotNet\Practice\SupplierMicroservice\SupplierMicroserviceTest\bin\Debug\net6.0\fine-code-coverage\coverage-tool-output</ResultsDirectory></Configuration></DataCollector></DataCollectors></DataCollectionRunSettings></RunSettings> and sources System.Linq.Enumerable+Concat2Iterator`1[System.String]: 
TpTrace Verbose: 0 : 14472, 5, 2022/08/21, 19:13:01.347, 71880734166, vstest.console.dll, DataCollectionRequestSender.SendBeforeTestRunStartAndGetResult : Received message: (DataCollection.SendMessage) -> {
  "FriendlyName": null,
  "Uri": null,
  "TestCaseId": "00000000-0000-0000-0000-000000000000",
  "Message": "Logging DataCollector Diagnostics in file: D:\\DotNet\\Practice\\SupplierMicroservice\\SupplierMicroserviceTest\\bin\\Debug\\net6.0\\fine-code-coverage\\coverage-tool-output\\diagnostics.datacollector.22-08-21_19-13-01_08216_5.log",
  "Level": 0
}
TpTrace Verbose: 0 : 14472, 5, 2022/08/21, 19:13:01.441, 71881677399, vstest.console.dll, DataCollectionRequestSender.SendBeforeTestRunStartAndGetResult : Received message: (DataCollection.BeforeTestRunStartResult) -> {
  "EnvironmentVariables": {},
  "DataCollectionEventsPort": 63245
}
TpTrace Information: 0 : 14472, 5, 2022/08/21, 19:13:01.450, 71881765851, vstest.console.dll, ProxyDataCollectionManager.BeforeTestRunStart: SendBeforeTestRunStartAndGetResult successful, env variable from datacollector:   and testhost port: 63245
TpTrace Information: 0 : 14472, 5, 2022/08/21, 19:13:01.450, 71881767318, vstest.console.dll, ProxyDataCollectionManager.InvokeDataCollectionServiceAction: Completed.
TpTrace Verbose: 0 : 14472, 1, 2022/08/21, 19:13:01.450, 71881769479, vstest.console.dll, TestRunRequest.ExecuteAsync: Creating test run request.
TpTrace Verbose: 0 : 14472, 1, 2022/08/21, 19:13:01.451, 71881772852, vstest.console.dll, TestRunRequest.ExecuteAsync: Starting.
TpTrace Information: 0 : 14472, 1, 2022/08/21, 19:13:01.451, 71881778882, vstest.console.dll, TestRunRequest.ExecuteAsync: Starting run with settings:TestRunCriteria:
   KeepAlive=False,FrequencyOfRunStatsChangeEvent=10,RunStatsChangeEventTimeout=00:00:01.5000000,TestCaseFilter=,TestExecutorLauncher=
   Settingsxml=<RunSettings>
  <RunConfiguration>
    <ResultsDirectory>D:\DotNet\Practice\SupplierMicroservice\SupplierMicroserviceTest\bin\Debug\net6.0\fine-code-coverage\coverage-tool-output</ResultsDirectory>
    <TargetPlatform>X64</TargetPlatform>
    <TargetFrameworkVersion>.NETCoreApp,Version=v6.0</TargetFrameworkVersion>
    <DesignMode>False</DesignMode>
    <CollectSourceInformation>False</CollectSourceInformation>
  </RunConfiguration>
  <LoggerRunSettings>
    <Loggers>
      <Logger friendlyName="blame" enabled="True" />
      <Logger friendlyName="Console" uri="logger://microsoft/TestPlatform/ConsoleLogger/v1" assemblyQualifiedName="Microsoft.VisualStudio.TestPlatform.CommandLine.Internal.ConsoleLogger, vstest.console, Version=15.0.0.0, Culture=neutral, PublicKeyToken=b03f5f7f11d50a3a" codeBase="C:\Program Files\dotnet\sdk\6.0.202\vstest.console.dll" enabled="True" />
    </Loggers>
  </LoggerRunSettings>
  <DataCollectionRunSettings>
    <DataCollectors>
      <DataCollector friendlyName="blame" enabled="True">
        <Configuration>
          <ResultsDirectory>D:\DotNet\Practice\SupplierMicroservice\SupplierMicroserviceTest\bin\Debug\net6.0\fine-code-coverage\coverage-tool-output</ResultsDirectory>
        </Configuration>
      </DataCollector>
    </DataCollectors>
  </DataCollectionRunSettings>
</RunSettings>

TpTrace Verbose: 0 : 14472, 1, 2022/08/21, 19:13:01.451, 71881781143, vstest.console.dll, TestRunRequest.ExecuteAsync: Wait for the first run request is over.
TpTrace Verbose: 0 : 14472, 1, 2022/08/21, 19:13:01.453, 71881795606, vstest.console.dll, ParallelProxyExecutionManager: Start execution. Total sources: 1
TpTrace Information: 0 : 14472, 1, 2022/08/21, 19:13:01.454, 71881803328, vstest.console.dll, ProxyParallelExecutionManager: Triggering test run for next source: D:\DotNet\Practice\SupplierMicroservice\SupplierMicroserviceTest\bin\Debug\net6.0\fine-code-coverage\build-output\SupplierMicroserviceTest.dll
TpTrace Verbose: 0 : 14472, 5, 2022/08/21, 19:13:01.454, 71881806232, vstest.console.dll, ParallelProxyExecutionManager: Execution started. Started clients: 1
TpTrace Verbose: 0 : 14472, 1, 2022/08/21, 19:13:01.454, 71881807348, vstest.console.dll, ProxyParallelExecutionManager: No sources available for execution.
TpTrace Information: 0 : 14472, 1, 2022/08/21, 19:13:01.454, 71881808209, vstest.console.dll, TestRunRequest.ExecuteAsync: Started.
TpTrace Verbose: 0 : 14472, 1, 2022/08/21, 19:13:01.454, 71881809647, vstest.console.dll, TestRunRequest.WaitForCompletion: Waiting with timeout -1.
TpTrace Verbose: 0 : 14472, 5, 2022/08/21, 19:13:01.454, 71881811339, vstest.console.dll, TestRunRequest:SendTestRunMessage: Starting.
TpTrace Information: 0 : 14472, 5, 2022/08/21, 19:13:01.455, 71881813277, vstest.console.dll, TestRunRequest:SendTestRunMessage: Completed.
TpTrace Verbose: 0 : 14472, 5, 2022/08/21, 19:13:01.455, 71881816919, vstest.console.dll, ProxyExecutionManager: Test host is always Lazy initialize.
TpTrace Verbose: 0 : 14472, 5, 2022/08/21, 19:13:01.455, 71881820495, vstest.console.dll, TestRequestSender.InitializeCommunication: initialize communication. 
TpTrace Information: 0 : 14472, 5, 2022/08/21, 19:13:01.456, 71881827714, vstest.console.dll, SocketServer.Start: Listening on endpoint : 127.0.0.1:63246
TpTrace Verbose: 0 : 14472, 5, 2022/08/21, 19:13:01.457, 71881838515, vstest.console.dll, DotnetTestHostmanager.GetTestHostProcessStartInfo: Platform environment 'X64' target architecture 'X64' framework '.NETCoreApp,Version=v6.0' OS 'Windows'
TpTrace Verbose: 0 : 14472, 5, 2022/08/21, 19:13:01.457, 71881840996, vstest.console.dll, DotnetTestHostmanager: Adding  --runtimeconfig "D:\DotNet\Practice\SupplierMicroservice\SupplierMicroserviceTest\bin\Debug\net6.0\fine-code-coverage\build-output\SupplierMicroserviceTest.runtimeconfig.json" in args
TpTrace Verbose: 0 : 14472, 5, 2022/08/21, 19:13:01.458, 71881842132, vstest.console.dll, DotnetTestHostmanager: Adding  --depsfile "D:\DotNet\Practice\SupplierMicroservice\SupplierMicroserviceTest\bin\Debug\net6.0\fine-code-coverage\build-output\SupplierMicroserviceTest.deps.json" in args
TpTrace Verbose: 0 : 14472, 5, 2022/08/21, 19:13:01.460, 71881871366, vstest.console.dll, DotnetTestHostmanager.IsWinOnArm: Current PROCESSOR_ARCHITECTURE from registry 'AMD64'
TpTrace Verbose: 0 : 14472, 5, 2022/08/21, 19:13:01.461, 71881873571, vstest.console.dll, DotnetTestHostmanager.IsWinOnArm: Is Windows on ARM 'False'
TpTrace Verbose: 0 : 14472, 5, 2022/08/21, 19:13:01.461, 71881874865, vstest.console.dll, DotnetTestHostManager: testhost.exe found at path: D:\DotNet\Practice\SupplierMicroservice\SupplierMicroserviceTest\bin\Debug\net6.0\fine-code-coverage\build-output\testhost.exe
TpTrace Verbose: 0 : 14472, 5, 2022/08/21, 19:13:01.461, 71881875629, vstest.console.dll, DotnetTestHostmanager: Full path of host exe is D:\DotNet\Practice\SupplierMicroservice\SupplierMicroserviceTest\bin\Debug\net6.0\fine-code-coverage\build-output\testhost.exe
TpTrace Verbose: 0 : 14472, 5, 2022/08/21, 19:13:01.461, 71881877952, vstest.console.dll, DotnetTestHostmanager.LaunchTestHostAsync: Found 'VSTEST_WINAPPHOST_DOTNET_ROOT' in env variables, value 'C:\Program Files\dotnet'
TpTrace Verbose: 0 : 14472, 7, 2022/08/21, 19:13:01.463, 71881892273, vstest.console.dll, DotnetTestHostManager: Starting process 'D:\DotNet\Practice\SupplierMicroservice\SupplierMicroserviceTest\bin\Debug\net6.0\fine-code-coverage\build-output\testhost.exe' with command line ' --runtimeconfig "D:\DotNet\Practice\SupplierMicroservice\SupplierMicroserviceTest\bin\Debug\net6.0\fine-code-coverage\build-output\SupplierMicroserviceTest.runtimeconfig.json" --depsfile "D:\DotNet\Practice\SupplierMicroservice\SupplierMicroserviceTest\bin\Debug\net6.0\fine-code-coverage\build-output\SupplierMicroserviceTest.deps.json" --port 63246 --endpoint 127.0.0.1:063246 --role client --parentprocessid 14472 --diag "D:\DotNet\Practice\SupplierMicroservice\SupplierMicroserviceTest\bin\Debug\net6.0\fine-code-coverage\coverage-tool-output\diagnostics.host.22-08-21_19-13-01_45718_5.log" --tracelevel 4 --datacollectionport 63245 --telemetryoptedin false'
TpTrace Verbose: 0 : 14472, 7, 2022/08/21, 19:13:01.469, 71881959256, vstest.console.dll, Test Runtime launched
TpTrace Verbose: 0 : 14472, 5, 2022/08/21, 19:13:01.472, 71881982804, vstest.console.dll, TestRequestSender.WaitForRequestHandlerConnection: waiting for connection with timeout: 90000
TpTrace Verbose: 0 : 14472, 7, 2022/08/21, 19:13:01.689, 71884153287, vstest.console.dll, SocketServer.OnClientConnected: Client connected for endPoint: 127.0.0.1:63246, starting MessageLoopAsync:
TpTrace Verbose: 0 : 14472, 7, 2022/08/21, 19:13:01.689, 71884156098, vstest.console.dll, TcpClientExtensions.MessageLoopAsync: Polling on remoteEndPoint: 127.0.0.1:63247 localEndPoint: 127.0.0.1:63246
TpTrace Verbose: 0 : 14472, 5, 2022/08/21, 19:13:01.690, 71884165923, vstest.console.dll, TestRequestSender.CheckVersionWithTestHost: Sending check version message: {"MessageType":"ProtocolVersion","Payload":5}
TpTrace Verbose: 0 : 14472, 7, 2022/08/21, 19:13:01.910, 71886363527, vstest.console.dll, TcpClientExtensions.MessageLoopAsync: NotifyDataAvailable remoteEndPoint: 127.0.0.1:63247 localEndPoint: 127.0.0.1:63246
TpTrace Verbose: 0 : 14472, 7, 2022/08/21, 19:13:01.910, 71886367600, vstest.console.dll, TestRequestSender.CheckVersionWithTestHost: onMessageReceived received message: (ProtocolVersion) -> 5
TpTrace Verbose: 0 : 14472, 7, 2022/08/21, 19:13:01.911, 71886373413, vstest.console.dll, TcpClientExtensions.MessageLoopAsync: Polling on remoteEndPoint: 127.0.0.1:63247 localEndPoint: 127.0.0.1:63246
TpTrace Verbose: 0 : 14472, 5, 2022/08/21, 19:13:01.911, 71886374718, vstest.console.dll, TestPluginCache.GetExtensionPaths: Filtered extension paths: 
TpTrace Verbose: 0 : 14472, 5, 2022/08/21, 19:13:01.911, 71886375729, vstest.console.dll, TestPluginCache.GetExtensionPaths: Added default extension paths: C:\Program Files\dotnet\sdk\6.0.202\Extensions\DumpMinitool.exe
C:\Program Files\dotnet\sdk\6.0.202\Extensions\DumpMinitool.x86.exe
C:\Program Files\dotnet\sdk\6.0.202\Extensions\Microsoft.Diagnostics.NETCore.Client.dll
C:\Program Files\dotnet\sdk\6.0.202\Extensions\Microsoft.TestPlatform.Extensions.BlameDataCollector.dll
C:\Program Files\dotnet\sdk\6.0.202\Extensions\Microsoft.TestPlatform.Extensions.EventLogCollector.dll
C:\Program Files\dotnet\sdk\6.0.202\Extensions\Microsoft.TestPlatform.TestHostRuntimeProvider.dll
C:\Program Files\dotnet\sdk\6.0.202\Extensions\Microsoft.VisualStudio.TestPlatform.Extensions.Html.TestLogger.dll
C:\Program Files\dotnet\sdk\6.0.202\Extensions\Microsoft.VisualStudio.TestPlatform.Extensions.Trx.TestLogger.dll
TpTrace Verbose: 0 : 14472, 5, 2022/08/21, 19:13:01.911, 71886376602, vstest.console.dll, TestPluginCache.GetExtensionPaths: Added unfilterableExtensionPaths: 
TpTrace Verbose: 0 : 14472, 5, 2022/08/21, 19:13:01.920, 71886468230, vstest.console.dll, TestRequestSender.InitializeExecution: Sending initialize execution with message: {"Version":5,"MessageType":"TestExecution.Initialize","Payload":["D:\\DotNet\\Practice\\SupplierMicroservice\\SupplierMicroserviceTest\\bin\\Debug\\net6.0\\fine-code-coverage\\build-output\\NUnit3.TestAdapter.dll"]}
TpTrace Warning: 0 : 14472, 5, 2022/08/21, 19:13:01.921, 71886474521, vstest.console.dll, InferRunSettingsHelper.MakeRunsettingsCompatible: Removing the following settings: TargetPlatform from RunSettings file. To use those settings please move to latest version of Microsoft.NET.Test.Sdk
TpTrace Verbose: 0 : 14472, 5, 2022/08/21, 19:13:01.933, 71886595591, vstest.console.dll, TestRequestSender.StartTestRun: Sending test run with message: {"Version":5,"MessageType":"TestExecution.StartWithSources","Payload":{"AdapterSourceMap":{"_none_":["D:\\DotNet\\Practice\\SupplierMicroservice\\SupplierMicroserviceTest\\bin\\Debug\\net6.0\\fine-code-coverage\\build-output\\SupplierMicroserviceTest.dll"]},"RunSettings":"<RunSettings>\r\n  <RunConfiguration>\r\n    <ResultsDirectory>D:\\DotNet\\Practice\\SupplierMicroservice\\SupplierMicroserviceTest\\bin\\Debug\\net6.0\\fine-code-coverage\\coverage-tool-output</ResultsDirectory>\r\n    <TargetFrameworkVersion>.NETCoreApp,Version=v6.0</TargetFrameworkVersion>\r\n    <DesignMode>False</DesignMode>\r\n    <CollectSourceInformation>False</CollectSourceInformation>\r\n  </RunConfiguration>\r\n  <LoggerRunSettings>\r\n    <Loggers>\r\n      <Logger friendlyName=\"blame\" enabled=\"True\" />\r\n      <Logger friendlyName=\"Console\" uri=\"logger://microsoft/TestPlatform/ConsoleLogger/v1\" assemblyQualifiedName=\"Microsoft.VisualStudio.TestPlatform.CommandLine.Internal.ConsoleLogger, vstest.console, Version=15.0.0.0, Culture=neutral, PublicKeyToken=b03f5f7f11d50a3a\" codeBase=\"C:\\Program Files\\dotnet\\sdk\\6.0.202\\vstest.console.dll\" enabled=\"True\" />\r\n    </Loggers>\r\n  </LoggerRunSettings>\r\n  <DataCollectionRunSettings>\r\n    <DataCollectors>\r\n      <DataCollector friendlyName=\"blame\" enabled=\"True\">\r\n        <Configuration>\r\n          <ResultsDirectory>D:\\DotNet\\Practice\\SupplierMicroservice\\SupplierMicroserviceTest\\bin\\Debug\\net6.0\\fine-code-coverage\\coverage-tool-output</ResultsDirectory>\r\n        </Configuration>\r\n      </DataCollector>\r\n    </DataCollectors>\r\n  </DataCollectionRunSettings>\r\n</RunSettings>","TestExecutionContext":{"FrequencyOfRunStatsChangeEvent":10,"RunStatsChangeEventTimeout":"00:00:01.5000000","InIsolation":false,"KeepAlive":false,"AreTestCaseLevelEventsRequired":false,"IsDebug":false,"TestCaseFilter":null,"FilterOptions":null},"Package":null}}
TpTrace Verbose: 0 : 14472, 7, 2022/08/21, 19:13:01.933, 71886596583, vstest.console.dll, TcpClientExtensions.MessageLoopAsync: NotifyDataAvailable remoteEndPoint: 127.0.0.1:63247 localEndPoint: 127.0.0.1:63246
TpTrace Verbose: 0 : 14472, 7, 2022/08/21, 19:13:01.933, 71886598298, vstest.console.dll, TestRequestSender.OnExecutionMessageReceived: Received message: {"Version":5,"MessageType":"TestSession.Message","Payload":{"MessageLevel":0,"Message":"Logging TestHost Diagnostics in file: D:\\DotNet\\Practice\\SupplierMicroservice\\SupplierMicroserviceTest\\bin\\Debug\\net6.0\\fine-code-coverage\\coverage-tool-output\\diagnostics.host.22-08-21_19-13-01_45718_5.log"}}
TpTrace Verbose: 0 : 14472, 7, 2022/08/21, 19:13:01.936, 71886627362, vstest.console.dll, TestRunRequest:SendTestRunMessage: Starting.
TpTrace Information: 0 : 14472, 7, 2022/08/21, 19:13:01.936, 71886629186, vstest.console.dll, TestRunRequest:SendTestRunMessage: Completed.
TpTrace Verbose: 0 : 14472, 7, 2022/08/21, 19:13:01.936, 71886629705, vstest.console.dll, TcpClientExtensions.MessageLoopAsync: Polling on remoteEndPoint: 127.0.0.1:63247 localEndPoint: 127.0.0.1:63246
TpTrace Verbose: 0 : 14472, 7, 2022/08/21, 19:13:02.208, 71889344809, vstest.console.dll, TcpClientExtensions.MessageLoopAsync: NotifyDataAvailable remoteEndPoint: 127.0.0.1:63247 localEndPoint: 127.0.0.1:63246
TpTrace Verbose: 0 : 14472, 7, 2022/08/21, 19:13:02.208, 71889346388, vstest.console.dll, TestRequestSender.OnExecutionMessageReceived: Received message: {"Version":5,"MessageType":"TestSession.Message","Payload":{"MessageLevel":0,"Message":"NUnit Adapter 4.0.0.0: Test execution started"}}
TpTrace Verbose: 0 : 14472, 7, 2022/08/21, 19:13:02.208, 71889350098, vstest.console.dll, TestRunRequest:SendTestRunMessage: Starting.
TpTrace Information: 0 : 14472, 7, 2022/08/21, 19:13:02.208, 71889351196, vstest.console.dll, TestRunRequest:SendTestRunMessage: Completed.
TpTrace Verbose: 0 : 14472, 7, 2022/08/21, 19:13:02.208, 71889351800, vstest.console.dll, TcpClientExtensions.MessageLoopAsync: Polling on remoteEndPoint: 127.0.0.1:63247 localEndPoint: 127.0.0.1:63246
TpTrace Verbose: 0 : 14472, 7, 2022/08/21, 19:13:02.244, 71889705442, vstest.console.dll, TcpClientExtensions.MessageLoopAsync: NotifyDataAvailable remoteEndPoint: 127.0.0.1:63247 localEndPoint: 127.0.0.1:63246
TpTrace Verbose: 0 : 14472, 7, 2022/08/21, 19:13:02.244, 71889707220, vstest.console.dll, TestRequestSender.OnExecutionMessageReceived: Received message: {"Version":5,"MessageType":"TestSession.Message","Payload":{"MessageLevel":0,"Message":"Running all tests in D:\\DotNet\\Practice\\SupplierMicroservice\\SupplierMicroserviceTest\\bin\\Debug\\net6.0\\fine-code-coverage\\build-output\\SupplierMicroserviceTest.dll"}}
TpTrace Verbose: 0 : 14472, 7, 2022/08/21, 19:13:02.244, 71889710169, vstest.console.dll, TestRunRequest:SendTestRunMessage: Starting.
TpTrace Information: 0 : 14472, 7, 2022/08/21, 19:13:02.244, 71889711230, vstest.console.dll, TestRunRequest:SendTestRunMessage: Completed.
TpTrace Verbose: 0 : 14472, 7, 2022/08/21, 19:13:02.245, 71889711916, vstest.console.dll, TcpClientExtensions.MessageLoopAsync: Polling on remoteEndPoint: 127.0.0.1:63247 localEndPoint: 127.0.0.1:63246
TpTrace Verbose: 0 : 14472, 7, 2022/08/21, 19:13:02.439, 71891654725, vstest.console.dll, TcpClientExtensions.MessageLoopAsync: NotifyDataAvailable remoteEndPoint: 127.0.0.1:63247 localEndPoint: 127.0.0.1:63246
TpTrace Verbose: 0 : 14472, 7, 2022/08/21, 19:13:02.439, 71891656565, vstest.console.dll, TestRequestSender.OnExecutionMessageReceived: Received message: {"Version":5,"MessageType":"TestSession.Message","Payload":{"MessageLevel":0,"Message":"   NUnit3TestExecutor discovered 4 of 4 NUnit test cases using Current Discovery mode, Non-Explicit run"}}
TpTrace Verbose: 0 : 14472, 7, 2022/08/21, 19:13:02.439, 71891659745, vstest.console.dll, TestRunRequest:SendTestRunMessage: Starting.
TpTrace Information: 0 : 14472, 7, 2022/08/21, 19:13:02.439, 71891661315, vstest.console.dll, TestRunRequest:SendTestRunMessage: Completed.
TpTrace Verbose: 0 : 14472, 7, 2022/08/21, 19:13:02.440, 71891661987, vstest.console.dll, TcpClientExtensions.MessageLoopAsync: Polling on remoteEndPoint: 127.0.0.1:63247 localEndPoint: 127.0.0.1:63246
TpTrace Verbose: 0 : 14472, 7, 2022/08/21, 19:13:02.691, 71894173574, vstest.console.dll, TcpClientExtensions.MessageLoopAsync: NotifyDataAvailable remoteEndPoint: 127.0.0.1:63247 localEndPoint: 127.0.0.1:63246
TpTrace Verbose: 0 : 14472, 7, 2022/08/21, 19:13:02.691, 71894175537, vstest.console.dll, TestRequestSender.OnExecutionMessageReceived: Received message: {"Version":5,"MessageType":"TestSession.Message","Payload":{"MessageLevel":0,"Message":"NUnit Adapter 4.0.0.0: Test execution complete"}}
TpTrace Verbose: 0 : 14472, 7, 2022/08/21, 19:13:02.691, 71894179106, vstest.console.dll, TestRunRequest:SendTestRunMessage: Starting.
TpTrace Information: 0 : 14472, 7, 2022/08/21, 19:13:02.691, 71894180383, vstest.console.dll, TestRunRequest:SendTestRunMessage: Completed.
TpTrace Verbose: 0 : 14472, 7, 2022/08/21, 19:13:02.691, 71894181049, vstest.console.dll, TcpClientExtensions.MessageLoopAsync: Polling on remoteEndPoint: 127.0.0.1:63247 localEndPoint: 127.0.0.1:63246
TpTrace Verbose: 0 : 14472, 7, 2022/08/21, 19:13:02.772, 71894982959, vstest.console.dll, TcpClientExtensions.MessageLoopAsync: NotifyDataAvailable remoteEndPoint: 127.0.0.1:63247 localEndPoint: 127.0.0.1:63246
TpTrace Verbose: 0 : 14472, 7, 2022/08/21, 19:13:02.772, 71894986021, vstest.console.dll, TestRequestSender.OnExecutionMessageReceived: Received message: {"Version":5,"MessageType":"TestExecution.Completed","Payload":{"TestRunCompleteArgs":{"TestRunStatistics":{"ExecutedTests":4,"Stats":{"Passed":4}},"IsCanceled":false,"IsAborted":false,"Error":null,"AttachmentSets":[],"ElapsedTimeInRunningTests":"00:00:00.5106552","Metrics":{}},"LastRunTests":{"NewTestResults":[{"TestCase":{"Id":"feaee8ec-7378-ea4f-9f7d-2df190e7d9be","FullyQualifiedName":"SupplierMicroserviceTest.ServicesTest.AddSupplierTestForInvalidInput","DisplayName":"AddSupplierTestForInvalidInput","ExecutorUri":"executor://NUnit3TestExecutor","Source":"D:\\DotNet\\Practice\\SupplierMicroservice\\SupplierMicroserviceTest\\bin\\Debug\\net6.0\\fine-code-coverage\\build-output\\SupplierMicroserviceTest.dll","CodeFilePath":null,"LineNumber":0,"Properties":[{"Key":{"Id":"NUnit.Seed","Label":"Seed","Category":"","Description":"","Attributes":0,"ValueType":"System.String"},"Value":"713689811"}]},"Attachments":[],"Outcome":1,"ErrorMessage":null,"ErrorStackTrace":null,"DisplayName":"AddSupplierTestForInvalidInput","Messages":[],"ComputerName":"SOURAV-SHIL","Duration":"00:00:00.1512080","StartTime":"2022-08-21T13:43:02.4911173+00:00","EndTime":"2022-08-21T13:43:02.6422377+00:00","Properties":[{"Key":{"Id":"NUnit.Seed","Label":"Seed","Category":"","Description":"","Attributes":0,"ValueType":"System.String"},"Value":"713689811"}]},{"TestCase":{"Id":"822e75d6-4a26-34d3-e29a-dbefee4ecce6","FullyQualifiedName":"SupplierMicroserviceTest.ServicesTest.AddSupplierTestForValidInput","DisplayName":"AddSupplierTestForValidInput","ExecutorUri":"executor://NUnit3TestExecutor","Source":"D:\\DotNet\\Practice\\SupplierMicroservice\\SupplierMicroserviceTest\\bin\\Debug\\net6.0\\fine-code-coverage\\build-output\\SupplierMicroserviceTest.dll","CodeFilePath":null,"LineNumber":0,"Properties":[{"Key":{"Id":"NUnit.Seed","Label":"Seed","Category":"","Description":"","Attributes":0,"ValueType":"System.String"},"Value":"1985300640"}]},"Attachments":[],"Outcome":1,"ErrorMessage":null,"ErrorStackTrace":null,"DisplayName":"AddSupplierTestForValidInput","Messages":[],"ComputerName":"SOURAV-SHIL","Duration":"00:00:00.0105210","StartTime":"2022-08-21T13:43:02.6440049+00:00","EndTime":"2022-08-21T13:43:02.6545253+00:00","Properties":[{"Key":{"Id":"NUnit.Seed","Label":"Seed","Category":"","Description":"","Attributes":0,"ValueType":"System.String"},"Value":"1985300640"}]},{"TestCase":{"Id":"09b097e5-c5ea-cfd2-cd87-7ada5b80da5c","FullyQualifiedName":"SupplierMicroserviceTest.ServicesTest.SupplierOfPartTestForInvalidInput","DisplayName":"SupplierOfPartTestForInvalidInput","ExecutorUri":"executor://NUnit3TestExecutor","Source":"D:\\DotNet\\Practice\\SupplierMicroservice\\SupplierMicroserviceTest\\bin\\Debug\\net6.0\\fine-code-coverage\\build-output\\SupplierMicroserviceTest.dll","CodeFilePath":null,"LineNumber":0,"Properties":[{"Key":{"Id":"NUnit.Seed","Label":"Seed","Category":"","Description":"","Attributes":0,"ValueType":"System.String"},"Value":"1372347081"}]},"Attachments":[],"Outcome":1,"ErrorMessage":null,"ErrorStackTrace":null,"DisplayName":"SupplierOfPartTestForInvalidInput","Messages":[],"ComputerName":"SOURAV-SHIL","Duration":"00:00:00.0015540","StartTime":"2022-08-21T13:43:02.6545567+00:00","EndTime":"2022-08-21T13:43:02.6561096+00:00","Properties":[{"Key":{"Id":"NUnit.Seed","Label":"Seed","Category":"","Description":"","Attributes":0,"ValueType":"System.String"},"Value":"1372347081"}]},{"TestCase":{"Id":"ad5af468-4e05-5285-19a5-e86a69f96781","FullyQualifiedName":"SupplierMicroserviceTest.ServicesTest.SupplierOfPartTestForValidInput","DisplayName":"SupplierOfPartTestForValidInput","ExecutorUri":"executor://NUnit3TestExecutor","Source":"D:\\DotNet\\Practice\\SupplierMicroservice\\SupplierMicroserviceTest\\bin\\Debug\\net6.0\\fine-code-coverage\\build-output\\SupplierMicroserviceTest.dll","CodeFilePath":null,"LineNumber":0,"Properties":[{"Key":{"Id":"NUnit.Seed","Label":"Seed","Category":"","Description":"","Attributes":0,"ValueType":"System.String"},"Value":"445833725"}]},"Attachments":[],"Outcome":1,"ErrorMessage":null,"ErrorStackTrace":null,"DisplayName":"SupplierOfPartTestForValidInput","Messages":[],"ComputerName":"SOURAV-SHIL","Duration":"00:00:00.0004220","StartTime":"2022-08-21T13:43:02.6561303+00:00","EndTime":"2022-08-21T13:43:02.6565522+00:00","Properties":[{"Key":{"Id":"NUnit.Seed","Label":"Seed","Category":"","Description":"","Attributes":0,"ValueType":"System.String"},"Value":"445833725"}]}],"TestRunStatistics":{"ExecutedTests":4,"Stats":{"Passed":4}},"ActiveTests":[]},"RunAttachments":[],"ExecutorUris":["executor://nunit3testexecutor/"]}}
TpTrace Verbose: 0 : 14472, 7, 2022/08/21, 19:13:02.775, 71895020255, vstest.console.dll, TestRequestSender.EndSession: Sending end session.
TpTrace Verbose: 0 : 14472, 7, 2022/08/21, 19:13:02.776, 71895022309, vstest.console.dll, ProxyOperationManager.Close: waiting for test host to exit for 100 ms
TpTrace Warning: 0 : 14472, 11, 2022/08/21, 19:13:02.803, 71895299147, vstest.console.dll, TestHostManagerCallbacks.ErrorReceivedCallback Test host standard error line: 
TpTrace Verbose: 0 : 14472, 8, 2022/08/21, 19:13:02.813, 71895393033, vstest.console.dll, TestHostProvider.ExitCallBack: Host exited starting callback.
TpTrace Information: 0 : 14472, 8, 2022/08/21, 19:13:02.813, 71895399086, vstest.console.dll, TestHostManagerCallbacks.ExitCallBack: Testhost processId: 17544 exited with exitcode: 0 error: ''
TpTrace Verbose: 0 : 14472, 8, 2022/08/21, 19:13:02.813, 71895399999, vstest.console.dll, DotnetTestHostManager.OnHostExited: invoking OnHostExited callback
TpTrace Verbose: 0 : 14472, 8, 2022/08/21, 19:13:02.813, 71895400609, vstest.console.dll, CrossPlatEngine.TestHostManagerHostExited: calling on client process exit callback.
TpTrace Information: 0 : 14472, 8, 2022/08/21, 19:13:02.813, 71895401265, vstest.console.dll, TestRequestSender.OnClientProcessExit: Test host process exited. Standard error: 
TpTrace Information: 0 : 14472, 7, 2022/08/21, 19:13:02.813, 71895401570, vstest.console.dll, SocketServer.Stop: Stop server endPoint: 127.0.0.1:63246
TpTrace Information: 0 : 14472, 7, 2022/08/21, 19:13:02.814, 71895402359, vstest.console.dll, SocketServer.Stop: Cancellation requested. Stopping message loop.
TpTrace Information: 0 : 14472, 8, 2022/08/21, 19:13:02.814, 71895402543, vstest.console.dll, SocketServer.Stop: Stop server endPoint: 127.0.0.1:63246
TpTrace Information: 0 : 14472, 8, 2022/08/21, 19:13:02.814, 71895403559, vstest.console.dll, SocketServer.Stop: Cancellation requested. Stopping message loop.
TpTrace Information: 0 : 14472, 7, 2022/08/21, 19:13:02.814, 71895404295, vstest.console.dll, Closing the connection
TpTrace Warning: 0 : 14472, 7, 2022/08/21, 19:13:02.814, 71895404780, vstest.console.dll, ProxyOperationManager: Timed out waiting for test host to exit. Will terminate process.
TpTrace Verbose: 0 : 14472, 7, 2022/08/21, 19:13:02.814, 71895411596, vstest.console.dll, ProxyDataCollectionManager.InvokeDataCollectionServiceAction: Starting.
TpTrace Information: 0 : 14472, 7, 2022/08/21, 19:13:02.815, 71895412790, vstest.console.dll, ProxyDataCollectionManager.AfterTestRunEnd: Get attachment set for datacollector processId: 11456 port: 63240
TpTrace Verbose: 0 : 14472, 7, 2022/08/21, 19:13:02.815, 71895413460, vstest.console.dll, DataCollectionRequestSender.SendAfterTestRunStartAndGetResult : Send AfterTestRunEnd message with isCancelled: False
TpTrace Verbose: 0 : 14472, 7, 2022/08/21, 19:13:02.823, 71895495050, vstest.console.dll, DataCollectionRequestSender.SendAfterTestRunStartAndGetResult : Received message: (DataCollection.AfterTestRunEndResult) -> {
  "AttachmentSets": [],
  "Metrics": {}
}
TpTrace Information: 0 : 14472, 7, 2022/08/21, 19:13:02.829, 71895560049, vstest.console.dll, ProxyDataCollectionManager.InvokeDataCollectionServiceAction: Completed.
TpTrace Warning: 0 : 14472, 10, 2022/08/21, 19:13:02.830, 71895564848, vstest.console.dll, DataCollectionLauncher.ErrorReceivedCallback datacollector standard error line: 
TpTrace Information: 0 : 14472, 8, 2022/08/21, 19:13:02.840, 71895666777, vstest.console.dll, DataCollectionLauncher.ExitCallBack: Data collector exited with exitcode: 0 error: ''
TpTrace Verbose: 0 : 14472, 7, 2022/08/21, 19:13:02.893, 71896195842, vstest.console.dll, TestRunRequest:SendTestRunStatsChange: Starting.
TpTrace Information: 0 : 14472, 7, 2022/08/21, 19:13:02.893, 71896198432, vstest.console.dll, TestRunRequest:SendTestRunStatsChange: Completed.
TpTrace Verbose: 0 : 14472, 7, 2022/08/21, 19:13:02.893, 71896200329, vstest.console.dll, ParallelProxyExecutionManager: HandlePartialRunComplete: Total completed clients = 1, Run complete = True, Run canceled: False.
TpTrace Verbose: 0 : 14472, 7, 2022/08/21, 19:13:02.914, 71896411131, vstest.console.dll, TestRunRequest:TestRunComplete: Starting. IsAborted:False IsCanceled:False.
TpTrace Verbose: 0 : 14472, 7, 2022/08/21, 19:13:02.915, 71896413689, vstest.console.dll, TestLoggerManager.HandleTestRunComplete: Ignoring as the object is disposed.
TpTrace Information: 0 : 14472, 7, 2022/08/21, 19:13:02.915, 71896417546, vstest.console.dll, TestRunRequest:TestRunComplete: Completed.
TpTrace Verbose: 0 : 14472, 1, 2022/08/21, 19:13:02.915, 71896417650, vstest.console.dll, TestRunRequest.Dispose: Starting.
TpTrace Verbose: 0 : 14472, 7, 2022/08/21, 19:13:02.915, 71896418556, vstest.console.dll, TestRequestSender.SetOperationComplete: Setting operation complete.
TpTrace Information: 0 : 14472, 1, 2022/08/21, 19:13:02.915, 71896419432, vstest.console.dll, TestRunRequest.Dispose: Completed.
TpTrace Information: 0 : 14472, 7, 2022/08/21, 19:13:02.915, 71896419781, vstest.console.dll, SocketServer.Stop: Stop server endPoint: 127.0.0.1:63246
TpTrace Information: 0 : 14472, 1, 2022/08/21, 19:13:02.915, 71896420475, vstest.console.dll, TestRequestManager.RunTests: run tests completed.
TpTrace Information: 0 : 14472, 7, 2022/08/21, 19:13:02.915, 71896421003, vstest.console.dll, SocketServer.Stop: Cancellation requested. Stopping message loop.
TpTrace Information: 0 : 14472, 1, 2022/08/21, 19:13:02.915, 71896421430, vstest.console.dll, RunTestsArgumentProcessor:Execute: Test run is completed.
TpTrace Information: 0 : 14472, 7, 2022/08/21, 19:13:02.915, 71896421612, vstest.console.dll, SocketServer.PrivateStop: Stopping server endPoint: 127.0.0.1:63246 error: 
TpTrace Verbose: 0 : 14472, 1, 2022/08/21, 19:13:02.916, 71896424837, vstest.console.dll, Executor.Execute: Exiting with exit code of 0
TpTrace Verbose: 0 : 14472, 7, 2022/08/21, 19:13:02.918, 71896442275, vstest.console.dll, LengthPrefixCommunicationChannel.Dispose: Dispose reader and writer.
